<?xml version="1.0" encoding="UTF-8"?>
<!-- Generated by org.testng.reporters.JUnitXMLReporter -->
<testsuite ignored="0" hostname="DESKTOP-LA3H5OT" failures="1" tests="3" name="Test" time="0.306" errors="0" timestamp="14 Oct 2022 13:16:29 GMT">
  <testcase classname="com.test.LoginTest" name="test01" time="0.015"/>
  <testcase classname="com.test.LoginTest" name="test02" time="0.005">
    <failure type="java.lang.AssertionError">
      <![CDATA[java.lang.AssertionError: 
at com.test.LoginTest.test02(LoginTest.java:35)
... Removed 28 stack frames]]>
    </failure>
  </testcase> <!-- test02 -->
  <testcase classname="com.test.LoginTest" name="test03" time="0.017">
    <skipped/>
  </testcase> <!-- test03 -->
</testsuite> <!-- Test -->
